{
  "stats": {
    "suites": 4,
    "tests": 3,
    "passes": 3,
    "pending": 0,
    "failures": 0,
    "start": "2026-04-17T01:47:43.132Z",
    "end": "2026-04-17T01:47:43.266Z",
    "duration": 134,
    "testsRegistered": 3,
    "passPercent": 100,
    "pendingPercent": 0,
    "other": 0,
    "hasOther": false,
    "skipped": 0,
    "hasSkipped": false
  },
  "results": [
    {
      "uuid": "fb34810a-4f3c-4b52-b3cb-9d013cfd30d2",
      "title": "",
      "fullFile": "",
      "file": "",
      "beforeHooks": [],
      "afterHooks": [],
      "tests": [],
      "suites": [
        {
          "uuid": "132f2bfe-05d6-40ef-bc8d-e08e0679e8fd",
          "title": "Login",
          "fullFile": "C:\\projetos\\banco-api-tests\\test\\login.test.js",
          "file": "\\test\\login.test.js",
          "beforeHooks": [],
          "afterHooks": [],
          "tests": [],
          "suites": [
            {
              "uuid": "b5117bf4-6243-433f-abf3-88a240846970",
              "title": "POST /login",
              "fullFile": "C:\\projetos\\banco-api-tests\\test\\login.test.js",
              "file": "\\test\\login.test.js",
              "beforeHooks": [],
              "afterHooks": [],
              "tests": [
                {
                  "title": "Deve retornar 200 com um token quando usar credenciais validas",
                  "fullTitle": "Login POST /login Deve retornar 200 com um token quando usar credenciais validas",
                  "timedOut": false,
                  "duration": 47,
                  "state": "passed",
                  "speed": "medium",
                  "pass": true,
                  "fail": false,
                  "pending": false,
                  "context": null,
                  "code": "const resposta = await request('http://localhost:3000')\n    .post('/login')\n    .set('Content-Type', 'application/json') //set é para colocar o header\n    .send({\n        'username': 'julio.lima',\n        'senha': '123456'\n     })\n\nconsole.log(resposta.body)\nconsole.log(resposta.status)\nexpect(resposta.body.token).to.be.a('string');\nexpect(resposta.status).to.equal(200); //para ter acesso a um elemento dentro da resposta, usa essa sintax",
                  "err": {},
                  "uuid": "123069ec-0c94-49c9-87cd-6a362e3e81c6",
                  "parentUUID": "b5117bf4-6243-433f-abf3-88a240846970",
                  "isHook": false,
                  "skipped": false
                }
              ],
              "suites": [],
              "passes": [
                "123069ec-0c94-49c9-87cd-6a362e3e81c6"
              ],
              "failures": [],
              "pending": [],
              "skipped": [],
              "duration": 47,
              "root": false,
              "rootEmpty": false,
              "_timeout": 200000
            }
          ],
          "passes": [],
          "failures": [],
          "pending": [],
          "skipped": [],
          "duration": 0,
          "root": false,
          "rootEmpty": false,
          "_timeout": 200000
        },
        {
          "uuid": "c8706fde-e441-49a3-8d02-000c684e6949",
          "title": "Transferencias",
          "fullFile": "C:\\projetos\\banco-api-tests\\test\\transferencia.test.js",
          "file": "\\test\\transferencia.test.js",
          "beforeHooks": [],
          "afterHooks": [],
          "tests": [],
          "suites": [
            {
              "uuid": "a6610f6b-ca92-4582-9593-fc7f55ad909c",
              "title": "POST /transferencias",
              "fullFile": "C:\\projetos\\banco-api-tests\\test\\transferencia.test.js",
              "file": "\\test\\transferencia.test.js",
              "beforeHooks": [],
              "afterHooks": [],
              "tests": [
                {
                  "title": "Deve retornar sucesso com 201 quando o valor da transferencia for igual ou acima de 10 reais",
                  "fullTitle": "Transferencias POST /transferencias Deve retornar sucesso com 201 quando o valor da transferencia for igual ou acima de 10 reais",
                  "timedOut": false,
                  "duration": 34,
                  "state": "passed",
                  "speed": "fast",
                  "pass": true,
                  "fail": false,
                  "pending": false,
                  "context": null,
                  "code": "// Capturar o token (fazer login)\nconst respostaLogin = await request('http://localhost:3000')\n    .post('/login')\n    .set('Content-Type', 'application/json') //set é para colocar o header\n    .send({\n        'username': 'julio.lima',\n        'senha': '123456'\n        })\n\nconst token = respostaLogin.body.token // essa resposta, estou jogando dentro da palavra token\n\nconst resposta = await request('http://localhost:3000')\n    .post('/transferencias')\n    .set('Content-Type', 'application/json')\n    .set('Authorization', `Bearer ${token}`) // ou 'Bearer ' + token, pra concatenar o tipo da auth com o token gerado ao fazer login\n    .send({\n    contaOrigem: 1,\n    contaDestino: 2,\n    valor: 20,\n    token: \"\"\n    })\nexpect(resposta.status).to.equal(201); \nconsole.log(resposta.body)",
                  "err": {},
                  "uuid": "c1c5459a-e2b8-42ea-98ff-814c35b82fb0",
                  "parentUUID": "a6610f6b-ca92-4582-9593-fc7f55ad909c",
                  "isHook": false,
                  "skipped": false
                },
                {
                  "title": "Deve retornar sucesso com 422 quando o valor da transferencia for abaixo de 10 reais",
                  "fullTitle": "Transferencias POST /transferencias Deve retornar sucesso com 422 quando o valor da transferencia for abaixo de 10 reais",
                  "timedOut": false,
                  "duration": 27,
                  "state": "passed",
                  "speed": "fast",
                  "pass": true,
                  "fail": false,
                  "pending": false,
                  "context": null,
                  "code": "const respostaLogin = await request('http://localhost:3000')\n    .post('/login')\n    .set('Content-Type', 'application/json') //set é para colocar o header\n    .send({\n        'username': 'julio.lima',\n        'senha': '123456'\n        })\n\nconst token = respostaLogin.body.token // essa resposta, estou jogando dentro da palavra token\n\nconst resposta = await request('http://localhost:3000')\n    .post('/transferencias')\n    .set('Content-Type', 'application/json')\n    .set('Authorization', `Bearer ${token}`) // ou 'Bearer ' + token, pra concatenar o tipo da auth com o token gerado ao fazer login\n    .send({\n    contaOrigem: 1,\n    contaDestino: 2,\n    valor: 7,\n    token: \"\"\n    })\nexpect(resposta.status).to.equal(422); \nconsole.log(resposta.body)",
                  "err": {},
                  "uuid": "c2a32b83-1de7-4361-ae04-cc15445f51f1",
                  "parentUUID": "a6610f6b-ca92-4582-9593-fc7f55ad909c",
                  "isHook": false,
                  "skipped": false
                }
              ],
              "suites": [],
              "passes": [
                "c1c5459a-e2b8-42ea-98ff-814c35b82fb0",
                "c2a32b83-1de7-4361-ae04-cc15445f51f1"
              ],
              "failures": [],
              "pending": [],
              "skipped": [],
              "duration": 61,
              "root": false,
              "rootEmpty": false,
              "_timeout": 200000
            }
          ],
          "passes": [],
          "failures": [],
          "pending": [],
          "skipped": [],
          "duration": 0,
          "root": false,
          "rootEmpty": false,
          "_timeout": 200000
        }
      ],
      "passes": [],
      "failures": [],
      "pending": [],
      "skipped": [],
      "duration": 0,
      "root": true,
      "rootEmpty": true,
      "_timeout": 200000
    }
  ],
  "meta": {
    "mocha": {
      "version": "11.7.5"
    },
    "mochawesome": {
      "options": {
        "quiet": false,
        "reportFilename": "mochawesome",
        "saveHtml": true,
        "saveJson": true,
        "consoleReporter": "spec",
        "useInlineDiffs": false,
        "code": true
      },
      "version": "7.1.4"
    },
    "marge": {
      "options": null,
      "version": "6.3.2"
    }
  }
}